<?xml version="1.0" encoding="UTF-8"?>
<testsuite xmlns:xsi="http://www.w3.org/2001/XMLSchema-instance" xsi:noNamespaceSchemaLocation="https://maven.apache.org/surefire/maven-surefire-plugin/xsd/surefire-test-report.xsd" version="3.0.1" name="Run.RunnerModif" time="45.614" tests="1" errors="0" skipped="0" failures="0">
  <properties>
[...]
</properties>
  <testcase name="je vérifie la modification de la salle" classname="Modification d une  salle" time="36.896">
    <system-out><![CDATA[
@Modifier_Salle
Scenario: je vÃ©rifie la modification de la salle                                                                 &amp#27;[90m# src/test/features/Modification/ModifSalle.feature:17&amp#27;[0m
etape en cour
  &amp#27;[32mGiven &amp#27;[0m&amp#27;[32mje saisis url &amp#27;[0m&amp#27;[32m&amp#27;[1m"https://staging.erudaxis.com/"&amp#27;[0m                                                            &amp#27;[90m# StepDefinition.PageHomeStepDef.je_saisis_url(java.lang.String)&amp#27;[0m

    Embedding image [image/png 340756 bytes]

etape en cour
  &amp#27;[32mWhen &amp#27;[0m&amp#27;[32mje saisis le login &amp#27;[0m&amp#27;[32m&amp#27;[1m"medinimed89@gmail.com"&amp#27;[0m                                                                &amp#27;[90m# StepDefinition.PageHomeStepDef.je_saisis_le_login(java.lang.String)&amp#27;[0m

    Embedding image [image/png 341846 bytes]

etape en cour
  &amp#27;[32mAnd &amp#27;[0m&amp#27;[32mje saisis le mot de passe &amp#27;[0m&amp#27;[32m&amp#27;[1m"Mohamed@123"&amp#27;[0m                                                                    &amp#27;[90m# StepDefinition.PageHomeStepDef.je_saisis_le_mot_de_passe(java.lang.String)&amp#27;[0m

    Embedding image [image/png 342277 bytes]

etape en cour
  &amp#27;[32mAnd &amp#27;[0m&amp#27;[32mje clique sur le bouton login&amp#27;[0m                                                                              &amp#27;[90m# StepDefinition.PageHomeStepDef.je_clique_sur_le_bouton_login()&amp#27;[0m

    Embedding image [image/png 431465 bytes]

etape en cour
LA CONNEXION EST SREUSSI
  &amp#27;[32mThen &amp#27;[0m&amp#27;[32mje verifie la connexion par le texte &amp#27;[0m&amp#27;[32m&amp#27;[1m"General Statistics"&amp#27;[0m                                                 &amp#27;[90m# StepDefinition.PageHomeStepDef.je_verifie_la_connexion_par_le_texte(java.lang.String)&amp#27;[0m

    Embedding image [image/png 110473 bytes]

etape en cour
  &amp#27;[32mGiven &amp#27;[0m&amp#27;[32mje clique sur plan etude&amp#27;[0m                                                                                 &amp#27;[90m# StepDefinition.AjoutSalle_StepDef.je_clique_sur_plan_etude()&amp#27;[0m

    Embedding image [image/png 58213 bytes]

etape en cour
  &amp#27;[32mWhen &amp#27;[0m&amp#27;[32mje clique sur parametrage&amp#27;[0m                                                                                 &amp#27;[90m# StepDefinition.AjoutSalle_StepDef.je_clique_sur_parametrage()&amp#27;[0m

    Embedding image [image/png 67522 bytes]

etape en cour
  &amp#27;[32mAnd &amp#27;[0m&amp#27;[32mje clique sur bloc et salle&amp#27;[0m                                                                                &amp#27;[90m# StepDefinition.AjoutSalle_StepDef.je_clique_sur_bloc_et_salle()&amp#27;[0m

    Embedding image [image/png 69368 bytes]

etape en cour
  &amp#27;[32mAnd &amp#27;[0m&amp#27;[32mje clique sur nom des salles&amp#27;[0m                                                                               &amp#27;[90m# StepDefinition.AjoutSalle_StepDef.je_clique_sur_nom_des_salles()&amp#27;[0m

    Embedding image [image/png 48873 bytes]

etape en cour
La Salle est trouvée : S 716
  &amp#27;[32mGiven &amp#27;[0m&amp#27;[32mje cherche la salle a modifer &amp#27;[0m&amp#27;[32m&amp#27;[1m"S 716"&amp#27;[0m                                                                    &amp#27;[90m# StepDefinition.ModifSalle_StepDef.je_cherche_la_salle_a_modifer(java.lang.String)&amp#27;[0m

    Embedding image [image/png 75999 bytes]

etape en cour
  &amp#27;[32mAnd &amp#27;[0m&amp#27;[32mje clique sur icon stylo&amp#27;[0m                                                                                   &amp#27;[90m# StepDefinition.ModifSalle_StepDef.je_clique_sur_icon_stylo()&amp#27;[0m

    Embedding image [image/png 92339 bytes]

etape en cour
  &amp#27;[32mWhen &amp#27;[0m&amp#27;[32mje change le nom de salle &amp#27;[0m&amp#27;[32m&amp#27;[1m"S 400"&amp#27;[0m                                                                         &amp#27;[90m# StepDefinition.ModifSalle_StepDef.je_change_le_nom_de_salle(java.lang.String)&amp#27;[0m

    Embedding image [image/png 80316 bytes]

etape en cour
  &amp#27;[32mAnd &amp#27;[0m&amp#27;[32mje change la capacitÃ© de la salle &amp#27;[0m&amp#27;[32m&amp#27;[1m"50"&amp#27;[0m                                                                     &amp#27;[90m# StepDefinition.ModifSalle_StepDef.je_change_la_capacitÃ©_de_la_salle(java.lang.String)&amp#27;[0m

    Embedding image [image/png 80242 bytes]

etape en cour
  &amp#27;[32mAnd &amp#27;[0m&amp#27;[32mje change  le type de la salle &amp#27;[0m&amp#27;[32m&amp#27;[1m"TD"&amp#27;[0m                                                                        &amp#27;[90m# StepDefinition.ModifSalle_StepDef.je_change_le_type_de_la_salle(java.lang.String)&amp#27;[0m

    Embedding image [image/png 79394 bytes]

etape en cour
  &amp#27;[32mAnd &amp#27;[0m&amp#27;[32mje clique sur bouton Modifier&amp#27;[0m                                                                              &amp#27;[90m# StepDefinition.ModifSalle_StepDef.je_clique_sur_bouton_modifier()&amp#27;[0m

    Embedding image [image/png 76849 bytes]

etape en cour
LA SALLE A ETE MODIFIE AVEC SUCCEE
  &amp#27;[32mThen &amp#27;[0m&amp#27;[32mje vÃ©rifie la modification de nouvelle salle avec le message popup &amp#27;[0m&amp#27;[32m&amp#27;[1m"La salle a Ã©tÃ© modifiÃ©e avec succÃ¨s."&amp#27;[0m &amp#27;[90m# StepDefinition.ModifSalle_StepDef.je_vÃ©rifie_la_modification_de_nouvelle_salle_avec_le_message_popup(java.lang.String)&amp#27;[0m

    Embedding image [image/png 84668 bytes]

etape en cour
  &amp#27;[32mAnd &amp#27;[0m&amp#27;[32mje clique sur bouton OK pour con firmer la modification et je deconnecte&amp#27;[0m                                   &amp#27;[90m# StepDefinition.ModifSalle_StepDef.je_clique_sur_bouton_ok_pour_con_firmer_la_modification_et_je_deconnecte()&amp#27;[0m

    Embedding image [image/png 91811 bytes]

]]></system-out>
    <system-err><![CDATA[SLF4J: No SLF4J providers were found.
SLF4J: Defaulting to no-operation (NOP) logger implementation
SLF4J: See https://www.slf4j.org/codes.html#noProviders for further details.
Starting ChromeDriver 135.0.7049.84 (6c019e56001911b3fd467e03bf68c435924d62f4-refs/branch-heads/7049@{#1778}) on port 65224
Only local connections are allowed.
Please see https://chromedriver.chromium.org/security-considerations for suggestions on keeping ChromeDriver safe.
ChromeDriver was started successfully on port 65224.
]]></system-err>
  </testcase>
</testsuite>